<?xml version="1.0" encoding="UTF-8"?>
<testng-results skipped="0" failed="0" total="1" passed="1">
  <reporter-output>
  </reporter-output>
  <suite name="Default suite" duration-ms="182" started-at="2019-07-31T13:25:45Z" finished-at="2019-07-31T13:25:46Z">
    <groups>
    </groups>
    <test name="Default test" duration-ms="182" started-at="2019-07-31T13:25:45Z" finished-at="2019-07-31T13:25:46Z">
      <class name="Test.tes.App">
        <test-method status="PASS" signature="hi()[pri:0, instance:Test.tes.App@2d6a9952]" name="hi" duration-ms="55" started-at="2019-07-31T06:25:45Z" finished-at="2019-07-31T06:25:45Z">
          <reporter-output>
          </reporter-output>
        </test-method> <!-- hi -->
      </class> <!-- Test.tes.App -->
    </test> <!-- Default test -->
  </suite> <!-- Default suite -->
</testng-results>
